<?xml version="1.0" encoding="UTF-8"?>
<testng-results ignored="0" total="1" passed="1" failed="0" skipped="0">
  <reporter-output>
  </reporter-output>
  <suite started-at="2023-08-07T16:15:25 IST" name="Default suite" finished-at="2023-08-07T16:15:42 IST" duration-ms="17624">
    <groups>
      <group name="cucumber">
        <method signature="AbstractTestNGCucumberTests.runScenario(io.cucumber.testng.PickleWrapper,io.cucumber.testng.FeatureWrapper)[pri:0, instance:execution.HomePageRunner@72035809]" name="runScenario" class="io.cucumber.testng.AbstractTestNGCucumberTests"/>
      </group> <!-- cucumber -->
    </groups>
    <test started-at="2023-08-07T16:15:25 IST" name="Default test" finished-at="2023-08-07T16:15:42 IST" duration-ms="17624">
      <class name="execution.HomePageRunner">
        <test-method is-config="true" signature="setUpClass()[pri:0, instance:execution.HomePageRunner@72035809]" started-at="2023-08-07T16:15:25 IST" name="setUpClass" finished-at="2023-08-07T16:15:25 IST" duration-ms="920" status="PASS">
          <reporter-output>
          </reporter-output>
        </test-method> <!-- setUpClass -->
        <test-method signature="runScenario(io.cucumber.testng.PickleWrapper,io.cucumber.testng.FeatureWrapper)[pri:0, instance:execution.HomePageRunner@72035809]" started-at="2023-08-07T16:15:26 IST" name="runScenario" description="Runs Cucumber Scenarios" data-provider="scenarios" finished-at="2023-08-07T16:15:39 IST" duration-ms="13543" status="PASS">
          <params>
            <param index="0">
              <value>
                <![CDATA["AddToCart"]]>
              </value>
            </param>
            <param index="1">
              <value>
                <![CDATA["Optional[HomePage]"]]>
              </value>
            </param>
          </params>
          <reporter-output>
          </reporter-output>
        </test-method> <!-- runScenario -->
        <test-method is-config="true" signature="tearDownClass()[pri:0, instance:execution.HomePageRunner@72035809]" started-at="2023-08-07T16:15:39 IST" name="tearDownClass" finished-at="2023-08-07T16:15:42 IST" duration-ms="3034" status="PASS">
          <reporter-output>
          </reporter-output>
        </test-method> <!-- tearDownClass -->
      </class> <!-- execution.HomePageRunner -->
    </test> <!-- Default test -->
  </suite> <!-- Default suite -->
</testng-results>
